{
  "RSpec": {
    "coverage": {
      "/home/amura/Chinmay/Rails Projects/mini-url/config/environment.rb": [
        null,
        1,
        null,
        null,
        1
      ],
      "/home/amura/Chinmay/Rails Projects/mini-url/config/application.rb": [
        1,
        null,
        1,
        null,
        null,
        null,
        1,
        null,
        1,
        1,
        null,
        null,
        null,
        null,
        null
      ],
      "/home/amura/Chinmay/Rails Projects/mini-url/config/boot.rb": [
        1,
        null,
        1
      ],
      "/home/amura/Chinmay/Rails Projects/mini-url/config/environments/test.rb": [
        1,
        null,
        null,
        null,
        null,
        null,
        null,
        1,
        null,
        null,
        null,
        null,
        1,
        null,
        null,
        1,
        1,
        null,
        null,
        null,
        null,
        1,
        1,
        null,
        null,
        1,
        null,
        null,
        1,
        1,
        null,
        null,
        null,
        null,
        1,
        null,
        null,
        1,
        null,
        null,
        null,
        null
      ],
      "/home/amura/Chinmay/Rails Projects/mini-url/config/initializers/application_controller_renderer.rb": [
        null,
        null,
        null,
        null,
        null,
        null
      ],
      "/home/amura/Chinmay/Rails Projects/mini-url/config/initializers/assets.rb": [
        null,
        null,
        null,
        1,
        null,
        null,
        null,
        null,
        null,
        null,
        null
      ],
      "/home/amura/Chinmay/Rails Projects/mini-url/config/initializers/backtrace_silencers.rb": [
        null,
        null,
        null,
        null,
        null,
        null,
        null
      ],
      "/home/amura/Chinmay/Rails Projects/mini-url/config/initializers/cookies_serializer.rb": [
        null,
        null,
        null,
        null,
        1
      ],
      "/home/amura/Chinmay/Rails Projects/mini-url/config/initializers/filter_parameter_logging.rb": [
        null,
        null,
        null,
        1
      ],
      "/home/amura/Chinmay/Rails Projects/mini-url/config/initializers/inflections.rb": [
        null,
        null,
        null,
        null,
        null,
        null,
        null,
        null,
        null,
        null,
        null,
        null,
        null,
        null,
        null,
        null
      ],
      "/home/amura/Chinmay/Rails Projects/mini-url/config/initializers/mime_types.rb": [
        null,
        null,
        null,
        null
      ],
      "/home/amura/Chinmay/Rails Projects/mini-url/config/initializers/new_framework_defaults.rb": [
        null,
        null,
        null,
        null,
        null,
        null,
        1,
        null,
        null,
        1,
        null,
        null,
        1,
        null,
        null,
        null,
        1,
        null,
        null,
        1,
        null,
        null,
        1,
        null,
        null,
        1
      ],
      "/home/amura/Chinmay/Rails Projects/mini-url/config/initializers/session_store.rb": [
        null,
        null,
        1
      ],
      "/home/amura/Chinmay/Rails Projects/mini-url/config/initializers/wrap_parameters.rb": [
        null,
        null,
        null,
        null,
        null,
        null,
        1,
        2,
        null,
        null,
        null,
        null,
        null,
        null
      ],
      "/home/amura/Chinmay/Rails Projects/mini-url/config/routes.rb": [
        1,
        null,
        null,
        1,
        null,
        1,
        1,
        null,
        null
      ],
      "/home/amura/Chinmay/Rails Projects/mini-url/app/helpers/application_helper.rb": [
        1,
        null
      ],
      "/home/amura/Chinmay/Rails Projects/mini-url/app/models/reference_url.rb": [
        1,
        null,
        1,
        null,
        1,
        1,
        1,
        null,
        1,
        1,
        1,
        null,
        null,
        1,
        17,
        null,
        null,
        null
      ],
      "/home/amura/Chinmay/Rails Projects/mini-url/app/models/application_record.rb": [
        1,
        1,
        null
      ]
    },
    "timestamp": 1505184174
  }
}
